#
# There is insufficient memory for the Java Runtime Environment to continue.
# Native memory allocation (malloc) failed to allocate 298656 bytes for Chunk::new
# Possible reasons:
#   The system is out of physical RAM or swap space
#   The process is running with CompressedOops enabled, and the Java Heap may be blocking the growth of the native heap
# Possible solutions:
#   Reduce memory load on the system
#   Increase physical memory or swap space
#   Check if swap backing store is full
#   Decrease Java heap size (-Xmx/-Xms)
#   Decrease number of Java threads
#   Decrease Java thread stack sizes (-Xss)
#   Set larger code cache with -XX:ReservedCodeCacheSize=
#   JVM is running with Unscaled Compressed Oops mode in which the Java heap is
#     placed in the first 4GB address space. The Java Heap base address is the
#     maximum limit for the native heap growth. Please use -XX:HeapBaseMinAddress
#     to set the Java Heap base and to place the Java Heap above 4GB virtual address.
# This output file may be truncated or incomplete.
#
#  Out of Memory Error (allocation.cpp:389), pid=17784, tid=0x0000000000003ae0
#
# JRE version: OpenJDK Runtime Environment (8.0_242-b01) (build 1.8.0_242-release-1644-b01)
# Java VM: OpenJDK 64-Bit Server VM (25.242-b01 mixed mode windows-amd64 compressed oops)
# Failed to write core dump. Minidumps are not enabled by default on client versions of Windows
#

---------------  T H R E A D  ---------------

Current thread (0x0000000018166800):  JavaThread "C2 CompilerThread0" daemon [_thread_in_native, id=15072, stack(0x0000000018a60000,0x0000000018b60000)]

Stack: [0x0000000018a60000,0x0000000018b60000]
[error occurred during error reporting (printing stack bounds), id 0xc0000005]

Native frames: (J=compiled Java code, j=interpreted, Vv=VM code, C=native code)


Current CompileTask:
C2: 384557 3701 %     4       sun.nio.fs.WindowsPathParser::normalize @ 18 (233 bytes)


---------------  P R O C E S S  ---------------

Java Threads: ( => current thread )
  0x000000001cda4000 JavaThread "jar transforms Thread 81" [_thread_new, id=7520, stack(0x0000000000000000,0x0000000000000000)]
  0x000000001cd9d000 JavaThread "jar transforms Thread 80" [_thread_new, id=7060, stack(0x0000000000000000,0x0000000000000000)]
  0x000000001cda1800 JavaThread "jar transforms Thread 79" [_thread_new, id=14960, stack(0x0000000000000000,0x0000000000000000)]
  0x000000001cda2800 JavaThread "jar transforms Thread 78" [_thread_new, id=2028, stack(0x0000000000000000,0x0000000000000000)]
  0x000000001cda1000 JavaThread "jar transforms Thread 77" [_thread_new, id=13836, stack(0x0000000026a60000,0x0000000026a60000)]
  0x000000001cda3000 JavaThread "jar transforms Thread 76" [_thread_blocked, id=7196, stack(0x0000000026860000,0x0000000026960000)]
  0x000000001cd9c800 JavaThread "jar transforms Thread 75" [_thread_in_vm, id=17200, stack(0x0000000026760000,0x0000000026860000)]
  0x000000001a6db800 JavaThread "jar transforms Thread 74" [_thread_blocked, id=14736, stack(0x0000000026660000,0x0000000026760000)]
  0x000000001a6da000 JavaThread "jar transforms Thread 73" [_thread_blocked, id=14720, stack(0x0000000026560000,0x0000000026660000)]
  0x000000001a6d9000 JavaThread "jar transforms Thread 72" [_thread_blocked, id=11984, stack(0x0000000026460000,0x0000000026560000)]
  0x000000001a6d8800 JavaThread "jar transforms Thread 71" [_thread_blocked, id=2024, stack(0x0000000026360000,0x0000000026460000)]
  0x000000001a6dd800 JavaThread "jar transforms Thread 70" [_thread_blocked, id=12080, stack(0x0000000026260000,0x0000000026360000)]
  0x000000001a6df000 JavaThread "jar transforms Thread 69" [_thread_blocked, id=15580, stack(0x0000000026160000,0x0000000026260000)]
  0x000000001a6dd000 JavaThread "jar transforms Thread 68" [_thread_blocked, id=6428, stack(0x0000000026060000,0x0000000026160000)]
  0x000000001a6da800 JavaThread "jar transforms Thread 67" [_thread_blocked, id=6408, stack(0x0000000025f60000,0x0000000026060000)]
  0x000000001a6de800 JavaThread "jar transforms Thread 66" [_thread_blocked, id=14992, stack(0x0000000025e60000,0x0000000025f60000)]
  0x000000001a6dc000 JavaThread "jar transforms Thread 65" [_thread_blocked, id=14928, stack(0x0000000025d60000,0x0000000025e60000)]
  0x000000001a6d1000 JavaThread "jar transforms Thread 64" [_thread_blocked, id=11308, stack(0x0000000025c60000,0x0000000025d60000)]
  0x000000001a6d1800 JavaThread "jar transforms Thread 63" [_thread_blocked, id=15960, stack(0x0000000025b60000,0x0000000025c60000)]
  0x000000001a6d6000 JavaThread "jar transforms Thread 62" [_thread_blocked, id=7620, stack(0x0000000025a60000,0x0000000025b60000)]
  0x000000001a6d5800 JavaThread "jar transforms Thread 61" [_thread_blocked, id=3668, stack(0x0000000025960000,0x0000000025a60000)]
  0x000000001a6d3000 JavaThread "jar transforms Thread 60" [_thread_blocked, id=15568, stack(0x0000000025860000,0x0000000025960000)]
  0x000000001a6d4000 JavaThread "jar transforms Thread 59" [_thread_blocked, id=18188, stack(0x0000000025760000,0x0000000025860000)]
  0x000000001a6d7000 JavaThread "jar transforms Thread 58" [_thread_blocked, id=5048, stack(0x0000000025660000,0x0000000025760000)]
  0x000000001a6d7800 JavaThread "jar transforms Thread 57" [_thread_blocked, id=10416, stack(0x0000000025560000,0x0000000025660000)]
  0x000000001a6d0000 JavaThread "jar transforms Thread 56" [_thread_blocked, id=5592, stack(0x0000000025460000,0x0000000025560000)]
  0x000000001a6d2800 JavaThread "jar transforms Thread 55" [_thread_blocked, id=5364, stack(0x0000000025360000,0x0000000025460000)]
  0x000000001a6d4800 JavaThread "jar transforms Thread 54" [_thread_blocked, id=10620, stack(0x0000000025260000,0x0000000025360000)]
  0x0000000020422800 JavaThread "jar transforms Thread 53" [_thread_blocked, id=16172, stack(0x0000000025160000,0x0000000025260000)]
  0x0000000020421000 JavaThread "jar transforms Thread 52" [_thread_blocked, id=2196, stack(0x0000000025060000,0x0000000025160000)]
  0x0000000020420000 JavaThread "jar transforms Thread 51" [_thread_blocked, id=16372, stack(0x0000000024f60000,0x0000000025060000)]
  0x0000000020421800 JavaThread "jar transforms Thread 50" [_thread_blocked, id=14740, stack(0x0000000024e60000,0x0000000024f60000)]
  0x000000002041f800 JavaThread "jar transforms Thread 49" [_thread_blocked, id=18264, stack(0x0000000024d60000,0x0000000024e60000)]
  0x000000002041e800 JavaThread "jar transforms Thread 48" [_thread_blocked, id=15460, stack(0x0000000024c60000,0x0000000024d60000)]
  0x000000002041e000 JavaThread "jar transforms Thread 47" [_thread_blocked, id=5720, stack(0x0000000024b60000,0x0000000024c60000)]
  0x0000000020416800 JavaThread "jar transforms Thread 46" [_thread_blocked, id=7804, stack(0x0000000024a60000,0x0000000024b60000)]
  0x000000002041d000 JavaThread "jar transforms Thread 45" [_thread_blocked, id=13320, stack(0x0000000024960000,0x0000000024a60000)]
  0x0000000020415800 JavaThread "jar transforms Thread 44" [_thread_blocked, id=13468, stack(0x0000000024860000,0x0000000024960000)]
  0x000000002041c800 JavaThread "jar transforms Thread 43" [_thread_blocked, id=17156, stack(0x0000000024760000,0x0000000024860000)]
  0x0000000020415000 JavaThread "jar transforms Thread 42" [_thread_blocked, id=8680, stack(0x0000000024660000,0x0000000024760000)]
  0x000000002041b800 JavaThread "jar transforms Thread 41" [_thread_blocked, id=9156, stack(0x0000000024560000,0x0000000024660000)]
  0x0000000020414000 JavaThread "jar transforms Thread 40" [_thread_blocked, id=11312, stack(0x0000000024460000,0x0000000024560000)]
  0x000000002041b000 JavaThread "jar transforms Thread 39" [_thread_blocked, id=2564, stack(0x0000000024360000,0x0000000024460000)]
  0x0000000020413800 JavaThread "jar transforms Thread 38" [_thread_blocked, id=1244, stack(0x0000000024260000,0x0000000024360000)]
  0x0000000020419800 JavaThread "jar transforms Thread 37" [_thread_blocked, id=3632, stack(0x0000000024160000,0x0000000024260000)]
  0x000000002041a000 JavaThread "jar transforms Thread 36" [_thread_blocked, id=16408, stack(0x0000000024060000,0x0000000024160000)]
  0x0000000020418800 JavaThread "jar transforms Thread 35" [_thread_blocked, id=10260, stack(0x0000000023f60000,0x0000000024060000)]
  0x0000000020417000 JavaThread "jar transforms Thread 34" [_thread_blocked, id=8688, stack(0x0000000023e60000,0x0000000023f60000)]
  0x0000000020418000 JavaThread "jar transforms Thread 33" [_thread_blocked, id=9588, stack(0x0000000023d60000,0x0000000023e60000)]
  0x0000000020539800 JavaThread "jar transforms Thread 32" [_thread_blocked, id=15380, stack(0x0000000023c60000,0x0000000023d60000)]
  0x000000002053a800 JavaThread "jar transforms Thread 31" [_thread_blocked, id=7564, stack(0x0000000023b60000,0x0000000023c60000)]
  0x000000002053f000 JavaThread "jar transforms Thread 30" [_thread_blocked, id=7336, stack(0x0000000023a60000,0x0000000023b60000)]
  0x000000002053c800 JavaThread "jar transforms Thread 29" [_thread_blocked, id=7216, stack(0x0000000023960000,0x0000000023a60000)]
  0x000000002053c000 JavaThread "jar transforms Thread 28" [_thread_blocked, id=6448, stack(0x0000000023860000,0x0000000023960000)]
  0x000000002053d800 JavaThread "jar transforms Thread 27" [_thread_blocked, id=13004, stack(0x0000000023760000,0x0000000023860000)]
  0x000000002053b000 JavaThread "jar transforms Thread 26" [_thread_blocked, id=13928, stack(0x0000000023660000,0x0000000023760000)]
  0x000000002053e000 JavaThread "jar transforms Thread 25" [_thread_blocked, id=5752, stack(0x0000000023560000,0x0000000023660000)]
  0x0000000020532000 JavaThread "jar transforms Thread 24" [_thread_blocked, id=6240, stack(0x0000000023460000,0x0000000023560000)]
  0x0000000020533000 JavaThread "jar transforms Thread 23" [_thread_blocked, id=7636, stack(0x0000000023360000,0x0000000023460000)]
  0x0000000020539000 JavaThread "jar transforms Thread 22" [_thread_blocked, id=17948, stack(0x0000000023260000,0x0000000023360000)]
  0x0000000020537800 JavaThread "jar transforms Thread 21" [_thread_blocked, id=11048, stack(0x0000000023160000,0x0000000023260000)]
  0x0000000020538000 JavaThread "jar transforms Thread 20" [_thread_blocked, id=16364, stack(0x0000000023060000,0x0000000023160000)]
  0x0000000020536800 JavaThread "jar transforms Thread 19" [_thread_blocked, id=16020, stack(0x0000000022f60000,0x0000000023060000)]
  0x0000000020534800 JavaThread "jar transforms Thread 18" [_thread_blocked, id=14240, stack(0x0000000022e60000,0x0000000022f60000)]
  0x0000000020536000 JavaThread "jar transforms Thread 17" [_thread_blocked, id=9716, stack(0x0000000022d60000,0x0000000022e60000)]
  0x0000000020531800 JavaThread "jar transforms Thread 16" [_thread_blocked, id=18036, stack(0x0000000022c60000,0x0000000022d60000)]
  0x0000000020533800 JavaThread "jar transforms Thread 15" [_thread_blocked, id=12476, stack(0x0000000022b60000,0x0000000022c60000)]
  0x0000000020535000 JavaThread "jar transforms Thread 14" [_thread_blocked, id=11076, stack(0x0000000022a60000,0x0000000022b60000)]
  0x0000000020530000 JavaThread "jar transforms Thread 13" [_thread_blocked, id=8500, stack(0x0000000022960000,0x0000000022a60000)]
  0x0000000020530800 JavaThread "jar transforms Thread 12" [_thread_blocked, id=15760, stack(0x0000000022860000,0x0000000022960000)]
  0x000000001a512000 JavaThread "jar transforms Thread 11" [_thread_blocked, id=16716, stack(0x0000000022760000,0x0000000022860000)]
  0x000000001a320800 JavaThread "jar transforms Thread 10" [_thread_blocked, id=13472, stack(0x0000000022660000,0x0000000022760000)]
  0x000000001a31e000 JavaThread "jar transforms Thread 9" [_thread_blocked, id=9896, stack(0x0000000022560000,0x0000000022660000)]
  0x000000001a31f800 JavaThread "jar transforms Thread 8" [_thread_blocked, id=11456, stack(0x0000000022460000,0x0000000022560000)]
  0x000000001a31d800 JavaThread "jar transforms Thread 7" [_thread_blocked, id=15856, stack(0x0000000022360000,0x0000000022460000)]
  0x000000001a31c800 JavaThread "jar transforms Thread 6" [_thread_blocked, id=9340, stack(0x0000000022260000,0x0000000022360000)]
  0x000000001a31f000 JavaThread "jar transforms Thread 5" [_thread_blocked, id=15564, stack(0x0000000022160000,0x0000000022260000)]
  0x000000001a31c000 JavaThread "jar transforms Thread 4" [_thread_blocked, id=16344, stack(0x0000000022060000,0x0000000022160000)]
  0x000000001a321000 JavaThread "jar transforms Thread 3" [_thread_blocked, id=12084, stack(0x0000000021f60000,0x0000000022060000)]
  0x000000001a314800 JavaThread "jar transforms Thread 2" [_thread_blocked, id=17124, stack(0x0000000021e60000,0x0000000021f60000)]
  0x000000001a31b000 JavaThread "Build operations Thread 8" [_thread_blocked, id=1112, stack(0x0000000021d60000,0x0000000021e60000)]
  0x000000001a313800 JavaThread "Build operations Thread 7" [_thread_blocked, id=4432, stack(0x0000000021c60000,0x0000000021d60000)]
  0x000000001a31a800 JavaThread "Build operations Thread 6" [_thread_blocked, id=9012, stack(0x0000000021b60000,0x0000000021c60000)]
  0x000000001a313000 JavaThread "Build operations Thread 5" [_thread_blocked, id=13452, stack(0x0000000021a60000,0x0000000021b60000)]
  0x000000001a319800 JavaThread "Build operations Thread 4" [_thread_blocked, id=4084, stack(0x0000000021960000,0x0000000021a60000)]
  0x000000001a319000 JavaThread "Build operations Thread 3" [_thread_blocked, id=14108, stack(0x0000000021860000,0x0000000021960000)]
  0x000000001a317800 JavaThread "Build operations Thread 2" [_thread_blocked, id=9036, stack(0x0000000021760000,0x0000000021860000)]
  0x000000001a316800 JavaThread "Build operations" [_thread_blocked, id=1156, stack(0x000000001ff50000,0x0000000020050000)]
  0x000000001a513800 JavaThread "Cache worker for file content cache (C:\Users\Utilisateur\.gradle\caches\6.5\fileContent)" [_thread_blocked, id=18132, stack(0x0000000021060000,0x0000000021160000)]
  0x000000001a511000 JavaThread "Cache worker for execution history cache (C:\Users\Utilisateur\.gradle\caches\6.5\executionHistory)" [_thread_blocked, id=13024, stack(0x000000001e880000,0x000000001e980000)]
  0x000000001a510800 JavaThread "Cache worker for cache directory md-rule (C:\Users\Utilisateur\.gradle\caches\6.5\md-rule)" [_thread_blocked, id=10040, stack(0x000000001bbe0000,0x000000001bce0000)]
  0x000000001a50f000 JavaThread "Cache worker for cache directory md-supplier (C:\Users\Utilisateur\.gradle\caches\6.5\md-supplier)" [_thread_blocked, id=14028, stack(0x000000001e780000,0x000000001e880000)]
  0x000000001a50e000 JavaThread "Cache worker for checksums cache (C:\Users\Utilisateur\Documents\Victor\POP\student_21_pop\fe2-android\.gradle\checksums)" [_thread_blocked, id=452, stack(0x0000000000780000,0x0000000000880000)]
  0x000000001a50f800 JavaThread "Cache worker for file hash cache (C:\Users\Utilisateur\Documents\Victor\POP\student_21_pop\fe2-android\.gradle\6.5\fileHashes)" [_thread_blocked, id=14940, stack(0x000000001e480000,0x000000001e580000)]
  0x000000001a50d800 JavaThread "Cache worker for file hash cache (C:\Users\Utilisateur\.gradle\caches\6.5\fileHashes)" [_thread_blocked, id=11756, stack(0x000000001df80000,0x000000001e080000)]
  0x000000001a50c800 JavaThread "File lock request listener" [_thread_in_native, id=11268, stack(0x0000000000980000,0x0000000000a80000)]
  0x000000001a2e2800 JavaThread "Cache worker for journal cache (C:\Users\Utilisateur\.gradle\caches\journal-1)" [_thread_blocked, id=15240, stack(0x0000000000880000,0x0000000000980000)]
  0x0000000019f14800 JavaThread "Thread-9" [_thread_blocked, id=17316, stack(0x000000001bce0000,0x000000001bde0000)]
  0x0000000019111000 JavaThread "Asynchronous log dispatcher for DefaultDaemonConnection: socket connection from /127.0.0.1:65125 to /127.0.0.1:65126" [_thread_blocked, id=17584, stack(0x000000001bae0000,0x000000001bbe0000)]
  0x000000001a247800 JavaThread "Daemon worker" [_thread_in_vm, id=17616, stack(0x000000001b9e0000,0x000000001bae0000)]
  0x00000000182fc000 JavaThread "Cancel handler" [_thread_blocked, id=16772, stack(0x000000001b7e0000,0x000000001b8e0000)]
  0x00000000198ce000 JavaThread "Handler for socket connection from /127.0.0.1:65125 to /127.0.0.1:65126" [_thread_in_native, id=15900, stack(0x000000001b6e0000,0x000000001b7e0000)]
  0x00000000182fb000 JavaThread "Daemon" [_thread_blocked, id=8928, stack(0x000000001b5e0000,0x000000001b6e0000)]
  0x0000000019874000 JavaThread "Daemon periodic checks" [_thread_blocked, id=16904, stack(0x000000001b2e0000,0x000000001b3e0000)]
  0x0000000019b09000 JavaThread "Incoming local TCP Connector on port 65125" [_thread_in_native, id=6672, stack(0x000000001b070000,0x000000001b170000)]
  0x0000000019089800 JavaThread "Daemon health stats" [_thread_blocked, id=17992, stack(0x000000001aa30000,0x000000001ab30000)]
  0x00000000181b1000 JavaThread "Service Thread" daemon [_thread_blocked, id=11096, stack(0x0000000018e60000,0x0000000018f60000)]
  0x0000000018176800 JavaThread "C1 CompilerThread3" daemon [_thread_blocked, id=4088, stack(0x0000000018d60000,0x0000000018e60000)]
  0x000000001816a000 JavaThread "C2 CompilerThread2" daemon [_thread_blocked, id=13228, stack(0x0000000018c60000,0x0000000018d60000)]
  0x0000000018167000 JavaThread "C2 CompilerThread1" daemon [_thread_blocked, id=17800, stack(0x0000000018b60000,0x0000000018c60000)]
=>0x0000000018166800 JavaThread "C2 CompilerThread0" daemon [_thread_in_native, id=15072, stack(0x0000000018a60000,0x0000000018b60000)]
  0x0000000018164800 JavaThread "Attach Listener" daemon [_thread_blocked, id=15968, stack(0x0000000018960000,0x0000000018a60000)]
  0x0000000018163000 JavaThread "Signal Dispatcher" daemon [_thread_blocked, id=1160, stack(0x0000000018860000,0x0000000018960000)]
  0x0000000018151000 JavaThread "Finalizer" daemon [_thread_blocked, id=1916, stack(0x0000000018630000,0x0000000018730000)]
  0x0000000018150800 JavaThread "Reference Handler" daemon [_thread_blocked, id=3816, stack(0x0000000018530000,0x0000000018630000)]
  0x000000000230e800 JavaThread "main" [_thread_blocked, id=17876, stack(0x0000000002380000,0x0000000002480000)]

Other Threads:
  0x0000000016336000 VMThread [stack: 0x0000000018030000,0x0000000018130000] [id=4368]
  0x00000000181b1800 WatcherThread [stack: 0x0000000018f60000,0x0000000019060000] [id=12584]

VM state:not at safepoint (normal execution)

VM Mutex/Monitor currently owned by a thread:  ([mutex/lock_event])
[0x000000000230d8c0] Threads_lock - owner thread: 0x000000001a247800

heap address: 0x00000000a0000000, size: 1536 MB, Compressed Oops mode: 32-bit
Narrow klass base: 0x0000000000000000, Narrow klass shift: 3
Compressed class space size: 1073741824 Address: 0x0000000100000000

Heap:
 PSYoungGen      total 31232K, used 4279K [0x00000000e0000000, 0x00000000e3100000, 0x0000000100000000)
  eden space 27648K, 3% used [0x00000000e0000000,0x00000000e01097b8,0x00000000e1b00000)
  from space 3584K, 89% used [0x00000000e1b80000,0x00000000e1ea45b0,0x00000000e1f00000)
  to   space 11264K, 0% used [0x00000000e2600000,0x00000000e2600000,0x00000000e3100000)
 ParOldGen       total 49152K, used 13658K [0x00000000a0000000, 0x00000000a3000000, 0x00000000e0000000)
  object space 49152K, 27% used [0x00000000a0000000,0x00000000a0d56a90,0x00000000a3000000)
 Metaspace       used 36543K, capacity 38098K, committed 38232K, reserved 1081344K
  class space    used 5017K, capacity 5388K, committed 5504K, reserved 1048576K

Card table byte_map: [0x0000000011940000,0x0000000011c50000] byte_map_base: 0x0000000011440000

Marking Bits: (ParMarkBitMap*) 0x000000006af2f030
 Begin Bits: [0x0000000012650000, 0x0000000013e50000)
 End Bits:   [0x0000000013e50000, 0x0000000015650000)

Polling page: 0x0000000000650000

CodeCache: size=245760Kb used=10886Kb max_used=10910Kb free=234873Kb
 bounds [0x0000000002580000, 0x0000000003040000, 0x0000000011580000]
 total_blobs=3985 nmethods=3284 adapters=614
 compilation: enabled

Compilation events (10 events):
Event: 381.383 Thread 0x0000000018176800 3704       3       org.gradle.internal.snapshot.SearchUtil::binarySearch (160 bytes)
Event: 381.384 Thread 0x0000000018176800 nmethod 3704 0x0000000002815b50 code [0x0000000002815d20, 0x00000000028164a8]
Event: 381.384 Thread 0x0000000018176800 3705       3       java.util.concurrent.locks.AbstractQueuedSynchronizer::findNodeFromTail (26 bytes)
Event: 381.384 Thread 0x0000000018176800 nmethod 3705 0x0000000002815690 code [0x0000000002815800, 0x0000000002815a50]
Event: 381.385 Thread 0x0000000018167000 nmethod 3702 0x0000000002818990 code [0x0000000002818ae0, 0x0000000002818e38]
Event: 381.387 Thread 0x000000001816a000 nmethod 3703 0x0000000002819a10 code [0x0000000002819ba0, 0x000000000281a098]
Event: 381.450 Thread 0x0000000018176800 3706       3       com.google.common.cache.LongAdder::add (108 bytes)
Event: 381.451 Thread 0x0000000018176800 nmethod 3706 0x0000000002b31010 code [0x0000000002b311c0, 0x0000000002b319a8]
Event: 383.392 Thread 0x0000000018176800 3707       3       com.google.common.cache.Striped64::casBase (13 bytes)
Event: 383.392 Thread 0x0000000018176800 nmethod 3707 0x0000000002965850 code [0x00000000029659a0, 0x0000000002965b10]

GC Heap History (10 events):
Event: 243.149 GC heap before
{Heap before GC invocations=13 (full 1):
 PSYoungGen      total 39936K, used 37207K [0x00000000e0000000, 0x00000000e3200000, 0x0000000100000000)
  eden space 29696K, 100% used [0x00000000e0000000,0x00000000e1d00000,0x00000000e1d00000)
  from space 10240K, 73% used [0x00000000e1d80000,0x00000000e24d5ed8,0x00000000e2780000)
  to   space 10752K, 0% used [0x00000000e2780000,0x00000000e2780000,0x00000000e3200000)
 ParOldGen       total 43520K, used 6731K [0x00000000a0000000, 0x00000000a2a80000, 0x00000000e0000000)
  object space 43520K, 15% used [0x00000000a0000000,0x00000000a0692fe0,0x00000000a2a80000)
 Metaspace       used 33978K, capacity 35164K, committed 35416K, reserved 1079296K
  class space    used 4652K, capacity 4941K, committed 4992K, reserved 1048576K
Event: 243.154 GC heap after
Heap after GC invocations=13 (full 1):
 PSYoungGen      total 39936K, used 8214K [0x00000000e0000000, 0x00000000e3280000, 0x0000000100000000)
  eden space 29184K, 0% used [0x00000000e0000000,0x00000000e0000000,0x00000000e1c80000)
  from space 10752K, 76% used [0x00000000e2780000,0x00000000e2f85968,0x00000000e3200000)
  to   space 11264K, 0% used [0x00000000e1c80000,0x00000000e1c80000,0x00000000e2780000)
 ParOldGen       total 43520K, used 6739K [0x00000000a0000000, 0x00000000a2a80000, 0x00000000e0000000)
  object space 43520K, 15% used [0x00000000a0000000,0x00000000a0694fe0,0x00000000a2a80000)
 Metaspace       used 33978K, capacity 35164K, committed 35416K, reserved 1079296K
  class space    used 4652K, capacity 4941K, committed 4992K, reserved 1048576K
}
Event: 249.660 GC heap before
{Heap before GC invocations=14 (full 1):
 PSYoungGen      total 39936K, used 13881K [0x00000000e0000000, 0x00000000e3280000, 0x0000000100000000)
  eden space 29184K, 19% used [0x00000000e0000000,0x00000000e0588cf0,0x00000000e1c80000)
  from space 10752K, 76% used [0x00000000e2780000,0x00000000e2f85968,0x00000000e3200000)
  to   space 11264K, 0% used [0x00000000e1c80000,0x00000000e1c80000,0x00000000e2780000)
 ParOldGen       total 43520K, used 6739K [0x00000000a0000000, 0x00000000a2a80000, 0x00000000e0000000)
  object space 43520K, 15% used [0x00000000a0000000,0x00000000a0694fe0,0x00000000a2a80000)
 Metaspace       used 34223K, capacity 35380K, committed 35416K, reserved 1079296K
  class space    used 4696K, capacity 4985K, committed 4992K, reserved 1048576K
Event: 249.665 GC heap after
Heap after GC invocations=14 (full 1):
 PSYoungGen      total 36352K, used 7248K [0x00000000e0000000, 0x00000000e3100000, 0x0000000100000000)
  eden space 28672K, 0% used [0x00000000e0000000,0x00000000e0000000,0x00000000e1c00000)
  from space 7680K, 94% used [0x00000000e1c80000,0x00000000e23941d0,0x00000000e2400000)
  to   space 10752K, 0% used [0x00000000e2680000,0x00000000e2680000,0x00000000e3100000)
 ParOldGen       total 43520K, used 6747K [0x00000000a0000000, 0x00000000a2a80000, 0x00000000e0000000)
  object space 43520K, 15% used [0x00000000a0000000,0x00000000a0696fe0,0x00000000a2a80000)
 Metaspace       used 34223K, capacity 35380K, committed 35416K, reserved 1079296K
  class space    used 4696K, capacity 4985K, committed 4992K, reserved 1048576K
}
Event: 249.665 GC heap before
{Heap before GC invocations=15 (full 2):
 PSYoungGen      total 36352K, used 7248K [0x00000000e0000000, 0x00000000e3100000, 0x0000000100000000)
  eden space 28672K, 0% used [0x00000000e0000000,0x00000000e0000000,0x00000000e1c00000)
  from space 7680K, 94% used [0x00000000e1c80000,0x00000000e23941d0,0x00000000e2400000)
  to   space 10752K, 0% used [0x00000000e2680000,0x00000000e2680000,0x00000000e3100000)
 ParOldGen       total 43520K, used 6747K [0x00000000a0000000, 0x00000000a2a80000, 0x00000000e0000000)
  object space 43520K, 15% used [0x00000000a0000000,0x00000000a0696fe0,0x00000000a2a80000)
 Metaspace       used 34223K, capacity 35380K, committed 35416K, reserved 1079296K
  class space    used 4696K, capacity 4985K, committed 4992K, reserved 1048576K
Event: 249.731 GC heap after
Heap after GC invocations=15 (full 2):
 PSYoungGen      total 36352K, used 0K [0x00000000e0000000, 0x00000000e3100000, 0x0000000100000000)
  eden space 28672K, 0% used [0x00000000e0000000,0x00000000e0000000,0x00000000e1c00000)
  from space 7680K, 0% used [0x00000000e1c80000,0x00000000e1c80000,0x00000000e2400000)
  to   space 10752K, 0% used [0x00000000e2680000,0x00000000e2680000,0x00000000e3100000)
 ParOldGen       total 49152K, used 13642K [0x00000000a0000000, 0x00000000a3000000, 0x00000000e0000000)
  object space 49152K, 27% used [0x00000000a0000000,0x00000000a0d52a90,0x00000000a3000000)
 Metaspace       used 34223K, capacity 35380K, committed 35416K, reserved 1079296K
  class space    used 4696K, capacity 4985K, committed 4992K, reserved 1048576K
}
Event: 284.845 GC heap before
{Heap before GC invocations=16 (full 2):
 PSYoungGen      total 36352K, used 28672K [0x00000000e0000000, 0x00000000e3100000, 0x0000000100000000)
  eden space 28672K, 100% used [0x00000000e0000000,0x00000000e1c00000,0x00000000e1c00000)
  from space 7680K, 0% used [0x00000000e1c80000,0x00000000e1c80000,0x00000000e2400000)
  to   space 10752K, 0% used [0x00000000e2680000,0x00000000e2680000,0x00000000e3100000)
 ParOldGen       total 49152K, used 13642K [0x00000000a0000000, 0x00000000a3000000, 0x00000000e0000000)
  object space 49152K, 27% used [0x00000000a0000000,0x00000000a0d52a90,0x00000000a3000000)
 Metaspace       used 35679K, capacity 37020K, committed 37208K, reserved 1081344K
  class space    used 4915K, capacity 5233K, committed 5248K, reserved 1048576K
Event: 284.847 GC heap after
Heap after GC invocations=16 (full 2):
 PSYoungGen      total 38912K, used 2118K [0x00000000e0000000, 0x00000000e3180000, 0x0000000100000000)
  eden space 28160K, 0% used [0x00000000e0000000,0x00000000e0000000,0x00000000e1b80000)
  from space 10752K, 19% used [0x00000000e2680000,0x00000000e2891a58,0x00000000e3100000)
  to   space 11264K, 0% used [0x00000000e1b80000,0x00000000e1b80000,0x00000000e2680000)
 ParOldGen       total 49152K, used 13650K [0x00000000a0000000, 0x00000000a3000000, 0x00000000e0000000)
  object space 49152K, 27% used [0x00000000a0000000,0x00000000a0d54a90,0x00000000a3000000)
 Metaspace       used 35679K, capacity 37020K, committed 37208K, reserved 1081344K
  class space    used 4915K, capacity 5233K, committed 5248K, reserved 1048576K
}
Event: 379.281 GC heap before
{Heap before GC invocations=17 (full 2):
 PSYoungGen      total 38912K, used 30278K [0x00000000e0000000, 0x00000000e3180000, 0x0000000100000000)
  eden space 28160K, 100% used [0x00000000e0000000,0x00000000e1b80000,0x00000000e1b80000)
  from space 10752K, 19% used [0x00000000e2680000,0x00000000e2891a58,0x00000000e3100000)
  to   space 11264K, 0% used [0x00000000e1b80000,0x00000000e1b80000,0x00000000e2680000)
 ParOldGen       total 49152K, used 13650K [0x00000000a0000000, 0x00000000a3000000, 0x00000000e0000000)
  object space 49152K, 27% used [0x00000000a0000000,0x00000000a0d54a90,0x00000000a3000000)
 Metaspace       used 36531K, capacity 38098K, committed 38232K, reserved 1081344K
  class space    used 5017K, capacity 5388K, committed 5504K, reserved 1048576K
Event: 379.284 GC heap after
Heap after GC invocations=17 (full 2):
 PSYoungGen      total 31232K, used 3217K [0x00000000e0000000, 0x00000000e3100000, 0x0000000100000000)
  eden space 27648K, 0% used [0x00000000e0000000,0x00000000e0000000,0x00000000e1b00000)
  from space 3584K, 89% used [0x00000000e1b80000,0x00000000e1ea45b0,0x00000000e1f00000)
  to   space 11264K, 0% used [0x00000000e2600000,0x00000000e2600000,0x00000000e3100000)
 ParOldGen       total 49152K, used 13658K [0x00000000a0000000, 0x00000000a3000000, 0x00000000e0000000)
  object space 49152K, 27% used [0x00000000a0000000,0x00000000a0d56a90,0x00000000a3000000)
 Metaspace       used 36531K, capacity 38098K, committed 38232K, reserved 1081344K
  class space    used 5017K, capacity 5388K, committed 5504K, reserved 1048576K
}

Deoptimization events (10 events):
Event: 229.597 Thread 0x000000001a247800 Uncommon trap: reason=class_check action=maybe_recompile pc=0x0000000002e6545c method=org.codehaus.groovy.runtime.metaclass.MetaMethodIndex.addMethodToList(Ljava/lang/Object;Lgroovy/lang/MetaMethod;)Ljava/lang/Object; @ 240
Event: 229.597 Thread 0x000000001a247800 Uncommon trap: reason=class_check action=maybe_recompile pc=0x0000000002e6545c method=org.codehaus.groovy.runtime.metaclass.MetaMethodIndex.addMethodToList(Ljava/lang/Object;Lgroovy/lang/MetaMethod;)Ljava/lang/Object; @ 240
Event: 230.408 Thread 0x000000001a247800 Uncommon trap: reason=unstable_if action=reinterpret pc=0x0000000002e6cbf8 method=org.codehaus.groovy.runtime.metaclass.MetaMethodIndex.addMethodToList(Ljava/lang/Object;Lgroovy/lang/MetaMethod;)Ljava/lang/Object; @ 226
Event: 230.734 Thread 0x000000001a247800 Uncommon trap: reason=class_check action=maybe_recompile pc=0x0000000002c2981c method=java.util.WeakHashMap.eq(Ljava/lang/Object;Ljava/lang/Object;)Z @ 7
Event: 233.585 Thread 0x000000001a247800 Uncommon trap: reason=range_check action=make_not_entrant pc=0x0000000002e0e6bc method=java.lang.String.charAt(I)C @ 27
Event: 235.185 Thread 0x000000001a247800 Uncommon trap: reason=predicate action=maybe_recompile pc=0x0000000002a932e0 method=com.google.common.base.CharMatcher.indexIn(Ljava/lang/CharSequence;I)I @ 22
Event: 312.887 Thread 0x000000001a247800 Uncommon trap: reason=unstable_if action=reinterpret pc=0x0000000002e02ed4 method=java.util.concurrent.locks.AbstractQueuedSynchronizer.acquireQueued(Ljava/util/concurrent/locks/AbstractQueuedSynchronizer$Node;I)Z @ 17
Event: 312.889 Thread 0x000000001a319000 Uncommon trap: reason=unstable_if action=reinterpret pc=0x0000000002a67d10 method=java.util.concurrent.ConcurrentHashMap.addCount(JI)V @ 34
Event: 313.040 Thread 0x000000001a313000 Uncommon trap: reason=unstable_if action=reinterpret pc=0x0000000002b4d360 method=java.util.concurrent.locks.AbstractQueuedSynchronizer$ConditionObject.addConditionWaiter()Ljava/util/concurrent/locks/AbstractQueuedSynchronizer$Node; @ 15
Event: 315.215 Thread 0x000000001a31a800 Uncommon trap: reason=unstable_if action=reinterpret pc=0x00000000029af178 method=java.util.concurrent.ConcurrentHashMap.addCount(JI)V @ 7

Classes redefined (0 events):
No events

Internal exceptions (10 events):
Event: 235.184 Thread 0x000000001a247800 Exception <a 'java/lang/ClassNotFoundException': org/gradle/plugin/use/internal/PluginRequestCollector$PluginDependenciesSpecImplBeanInfo> (0x00000000e145d8d8) thrown at [C:\src\AOSP-openjdk-git\hotspot\src\share\vm\classfile\systemDictionary.cpp, line 21
Event: 235.184 Thread 0x000000001a247800 Exception <a 'java/lang/ClassNotFoundException': org/gradle/plugin/use/internal/PluginRequestCollector$PluginDependenciesSpecImplCustomizer> (0x00000000e149d818) thrown at [C:\src\AOSP-openjdk-git\hotspot\src\share\vm\classfile\systemDictionary.cpp, line 
Event: 235.205 Thread 0x000000001a247800 Exception <a 'java/lang/ClassNotFoundException': org/gradle/plugin/use/internal/PluginRequestCollector$PluginDependencySpecImplBeanInfo> (0x00000000e150ceb8) thrown at [C:\src\AOSP-openjdk-git\hotspot\src\share\vm\classfile\systemDictionary.cpp, line 210]
Event: 235.205 Thread 0x000000001a247800 Exception <a 'java/lang/ClassNotFoundException': org/gradle/plugin/use/internal/PluginRequestCollector$PluginDependencySpecImplCustomizer> (0x00000000e154d168) thrown at [C:\src\AOSP-openjdk-git\hotspot\src\share\vm\classfile\systemDictionary.cpp, line 21
Event: 243.156 Thread 0x000000001a247800 Exception <a 'java/lang/NoSuchMethodError': java.lang.Object.lambda$static$0(Lorg/gradle/api/internal/artifacts/configurations/MutationValidator$MutationType;)V> (0x00000000e0008e90) thrown at [C:\src\AOSP-openjdk-git\hotspot\src\share\vm\interpreter\link
Event: 261.531 Thread 0x000000001a247800 Exception <a 'java/lang/NoSuchMethodError': java.lang.Object.lambda$static$0(Lorg/gradle/internal/component/model/DependencyMetadata;)Lorg/gradle/api/internal/artifacts/ivyservice/dependencysubstitution/DependencySubstitutionApplicator$SubstitutionResult;
Event: 266.910 Thread 0x000000001a247800 Exception <a 'java/lang/IncompatibleClassChangeError': Found class java.lang.Object, but interface was expected> (0x00000000e0d15288) thrown at [C:\src\AOSP-openjdk-git\hotspot\src\share\vm\interpreter\linkResolver.cpp, line 653]
Event: 266.911 Thread 0x000000001a247800 Exception <a 'java/lang/NoSuchMethodError': java.lang.Object.lambda$thenComparing$36697e65$1(Ljava/util/Comparator;Ljava/lang/Object;Ljava/lang/Object;)I> (0x00000000e0d20c38) thrown at [C:\src\AOSP-openjdk-git\hotspot\src\share\vm\interpreter\linkResolve
Event: 282.517 Thread 0x000000001a247800 Exception <a 'java/lang/NoSuchMethodError': java.lang.Object.lambda$static$0()Z> (0x00000000e177f958) thrown at [C:\src\AOSP-openjdk-git\hotspot\src\share\vm\interpreter\linkResolver.cpp, line 620]
Event: 284.825 Thread 0x000000001a247800 Exception <a 'java/lang/NoSuchMethodError': java.lang.Object.lambda$static$0(Lorg/gradle/api/internal/artifacts/ivyservice/resolveengine/artifact/ArtifactVisitor;)V> (0x00000000e1afaf10) thrown at [C:\src\AOSP-openjdk-git\hotspot\src\share\vm\interpreter\

Events (10 events):
Event: 381.384 Thread 0x000000001cda3000 Thread added: 0x000000001cda3000
Event: 381.385 Thread 0x000000001cda1000 Thread added: 0x000000001cda1000
Event: 381.385 Thread 0x0000000018167000 flushing nmethod 0x0000000002b30790
Event: 381.449 Thread 0x000000001cda2800 Thread added: 0x000000001cda2800
Event: 381.449 Thread 0x000000001cda1800 Thread added: 0x000000001cda1800
Event: 381.450 Thread 0x000000001cd9d000 Thread added: 0x000000001cd9d000
Event: 381.450 Thread 0x000000001cda4000 Thread added: 0x000000001cda4000
Event: 381.451 Thread 0x0000000018176800 flushing nmethod 0x0000000002c6a050
Event: 383.392 Thread 0x0000000018176800 flushing nmethod 0x0000000002dff050
Event: 383.392 Thread 0x0000000018176800 flushing nmethod 0x0000000002dff590


Dynamic libraries:
0x00007ff7ff240000 - 0x00007ff7ff271000 	C:\Program Files\Android\Android Studio\jre\bin\java.exe
0x00007ffa04e00000 - 0x00007ffa04ff0000 	C:\WINDOWS\SYSTEM32\ntdll.dll
0x00007ffa04360000 - 0x00007ffa04412000 	C:\WINDOWS\System32\KERNEL32.DLL
0x00007ffa02730000 - 0x00007ffa029d5000 	C:\WINDOWS\System32\KERNELBASE.dll
0x00007ffa02eb0000 - 0x00007ffa02f53000 	C:\WINDOWS\System32\ADVAPI32.dll
0x00007ffa04d20000 - 0x00007ffa04dbe000 	C:\WINDOWS\System32\msvcrt.dll
0x00007ffa04420000 - 0x00007ffa044b7000 	C:\WINDOWS\System32\sechost.dll
0x00007ffa040f0000 - 0x00007ffa0420f000 	C:\WINDOWS\System32\RPCRT4.dll
0x00007ffa04830000 - 0x00007ffa049c4000 	C:\WINDOWS\System32\USER32.dll
0x00007ffa026b0000 - 0x00007ffa026d1000 	C:\WINDOWS\System32\win32u.dll
0x00007ffa038d0000 - 0x00007ffa038f6000 	C:\WINDOWS\System32\GDI32.dll
0x00007ffa02ce0000 - 0x00007ffa02e78000 	C:\WINDOWS\System32\gdi32full.dll
0x00007ffa01e90000 - 0x00007ffa01f2e000 	C:\WINDOWS\System32\msvcp_win.dll
0x00007ffa01d70000 - 0x00007ffa01e6a000 	C:\WINDOWS\System32\ucrtbase.dll
0x00007ff9eec10000 - 0x00007ff9eee94000 	C:\WINDOWS\WinSxS\amd64_microsoft.windows.common-controls_6595b64144ccf1df_6.0.18362.1440_none_9e7dbfb9e45e8e67\COMCTL32.dll
0x00007ffa033d0000 - 0x00007ffa03706000 	C:\WINDOWS\System32\combase.dll
0x00007ffa02ba0000 - 0x00007ffa02c21000 	C:\WINDOWS\System32\bcryptPrimitives.dll
0x00007ffa03710000 - 0x00007ffa0373e000 	C:\WINDOWS\System32\IMM32.DLL
0x000000006a680000 - 0x000000006a752000 	C:\Program Files\Android\Android Studio\jre\jre\bin\msvcr100.dll
0x000000006a760000 - 0x000000006afab000 	C:\Program Files\Android\Android Studio\jre\jre\bin\server\jvm.dll
0x00007ffa03810000 - 0x00007ffa03818000 	C:\WINDOWS\System32\PSAPI.DLL
0x00007ff9fe7c0000 - 0x00007ff9fe7ca000 	C:\WINDOWS\SYSTEM32\VERSION.dll
0x00007ff9fe740000 - 0x00007ff9fe764000 	C:\WINDOWS\SYSTEM32\WINMM.dll
0x00007ff9fe710000 - 0x00007ff9fe73d000 	C:\WINDOWS\SYSTEM32\winmmbase.dll
0x00007ffa026e0000 - 0x00007ffa0272a000 	C:\WINDOWS\System32\cfgmgr32.dll
0x00007ff9f02d0000 - 0x00007ff9f02d9000 	C:\WINDOWS\SYSTEM32\WSOCK32.dll
0x00007ffa037a0000 - 0x00007ffa0380f000 	C:\WINDOWS\System32\ws2_32.DLL
0x00007ff9f16b0000 - 0x00007ff9f16bf000 	C:\Program Files\Android\Android Studio\jre\jre\bin\verify.dll
0x00007ff9ec790000 - 0x00007ff9ec7b9000 	C:\Program Files\Android\Android Studio\jre\jre\bin\java.dll
0x00007ff9f0700000 - 0x00007ff9f0716000 	C:\Program Files\Android\Android Studio\jre\jre\bin\zip.dll
0x00007ffa03900000 - 0x00007ffa03fe8000 	C:\WINDOWS\System32\SHELL32.dll
0x00007ffa03820000 - 0x00007ffa038c7000 	C:\WINDOWS\System32\shcore.dll
0x00007ffa01f30000 - 0x00007ffa026ab000 	C:\WINDOWS\System32\windows.storage.dll
0x00007ffa01ce0000 - 0x00007ffa01cfe000 	C:\WINDOWS\System32\profapi.dll
0x00007ffa01d00000 - 0x00007ffa01d4a000 	C:\WINDOWS\System32\powrprof.dll
0x00007ffa01cb0000 - 0x00007ffa01cc0000 	C:\WINDOWS\System32\UMPDC.dll
0x00007ffa03740000 - 0x00007ffa03792000 	C:\WINDOWS\System32\shlwapi.dll
0x00007ffa01cc0000 - 0x00007ffa01cd1000 	C:\WINDOWS\System32\kernel.appcore.dll
0x00007ffa01e70000 - 0x00007ffa01e87000 	C:\WINDOWS\System32\cryptsp.dll
0x00007ff9ef040000 - 0x00007ff9ef05a000 	C:\Program Files\Android\Android Studio\jre\jre\bin\net.dll
0x00007ffa01490000 - 0x00007ffa014f7000 	C:\WINDOWS\system32\mswsock.dll
0x00007ff9ed910000 - 0x00007ff9ed923000 	C:\Program Files\Android\Android Studio\jre\jre\bin\nio.dll
0x00007ff9de350000 - 0x00007ff9de377000 	C:\Users\Utilisateur\.gradle\native\f6784746aeab05261644944871eae4fe03e0ef1612fff0a4a95f87b438bc6780\windows-amd64\native-platform.dll
0x00007ff9eeea0000 - 0x00007ff9eeead000 	C:\Program Files\Android\Android Studio\jre\jre\bin\management.dll
0x00007ffa01010000 - 0x00007ffa01043000 	C:\WINDOWS\system32\rsaenh.dll
0x00007ffa02e80000 - 0x00007ffa02ea6000 	C:\WINDOWS\System32\bcrypt.dll
0x00007ffa01bd0000 - 0x00007ffa01bf5000 	C:\WINDOWS\SYSTEM32\USERENV.dll
0x00007ffa01660000 - 0x00007ffa0166c000 	C:\WINDOWS\SYSTEM32\CRYPTBASE.dll
0x00007ffa011a0000 - 0x00007ffa011da000 	C:\WINDOWS\SYSTEM32\IPHLPAPI.DLL
0x00007ffa044c0000 - 0x00007ffa044c8000 	C:\WINDOWS\System32\NSI.dll
0x00007ff9fb150000 - 0x00007ff9fb166000 	C:\WINDOWS\SYSTEM32\dhcpcsvc6.DLL
0x00007ff9fafa0000 - 0x00007ff9fafbc000 	C:\WINDOWS\SYSTEM32\dhcpcsvc.DLL
0x00007ffa011e0000 - 0x00007ffa012ab000 	C:\WINDOWS\SYSTEM32\DNSAPI.dll
0x00007ff9fc4a0000 - 0x00007ff9fc4ab000 	C:\WINDOWS\SYSTEM32\WINNSI.DLL

VM Arguments:
jvm_args: -Xmx1536m -Dfile.encoding=windows-1252 -Duser.country=FR -Duser.language=fr -Duser.variant 
java_command: org.gradle.launcher.daemon.bootstrap.GradleDaemon 6.5
java_class_path (initial): C:\Users\Utilisateur\.gradle\wrapper\dists\gradle-6.5-bin\6nifqtx7604sqp1q6g8wikw7p\gradle-6.5\lib\gradle-launcher-6.5.jar
Launcher Type: SUN_STANDARD

Environment Variables:
JAVA_HOME=C:\Program Files (x86)\Java\jdk-15.0.2
PATH=C:\Program Files\Common Files\Oracle\Java\javapath;C:\ProgramData\Oracle\Java\javapath;C:\Program Files (x86)\Intel\iCLS Client\;C:\Program Files\Intel\iCLS Client\;C:\Program Files (x86)\AMD APP\bin\x86_64;C:\Program Files (x86)\AMD APP\bin\x86;C:\WINDOWS\system32;C:\WINDOWS;C:\WINDOWS\System32\Wbem;C:\WINDOWS\System32\WindowsPowerShell\v1.0\;C:\Program Files (x86)\ATI Technologies\ATI.ACE\Core-Static;C:\Program Files\Intel\Intel(R) Management Engine Components\DAL;C:\Program Files\Intel\Intel(R) Management Engine Components\IPT;C:\Program Files (x86)\Intel\Intel(R) Management Engine Components\DAL;C:\Program Files (x86)\Intel\Intel(R) Management Engine Components\IPT;\;C:\Program Files (x86)\Sony\VAIO Startup Setting Tool;C:\Program Files (x86)\QuickTime\QTSystem\;C:\Program Files (x86)\AMD\ATI.ACE\Core-Static;C:\Program Files (x86)\AKU Shaper;C:\WINDOWS\System32\OpenSSH\;C:\Program Files\Git\cmd;C:\Program Files\Go\bin;C:\Users\Utilisateur\AppData\Local\Microsoft\WindowsApps;;C:\Users\Utilisateur\AppData\Local\Programs\Microsoft VS Code\bin;C:\Users\Utilisateur\go\bin
USERNAME=Utilisateur
OS=Windows_NT
PROCESSOR_IDENTIFIER=Intel64 Family 6 Model 58 Stepping 9, GenuineIntel



---------------  S Y S T E M  ---------------

OS: Windows 10.0 , 64 bit Build 18362 (10.0.18362.1350)

CPU:total 8 (initial active 8) (4 cores per cpu, 2 threads per core) family 6 model 58 stepping 9, cmov, cx8, fxsr, mmx, sse, sse2, sse3, ssse3, sse4.1, sse4.2, popcnt, avx, aes, clmul, erms, ht, tsc, tscinvbit, tscinv

Memory: 4k page, physical 8334620k(525752k free), swap 14888220k(0k free)

vm_info: OpenJDK 64-Bit Server VM (25.242-b01) for windows-amd64 JRE (1.8.0_242-release-1644-b01), built by "builder" with MS VC++ 10.0 (VS2010)

time: Mon Mar 22 17:22:46 2021
timezone: Paris, Madrid
elapsed time: 384 seconds (0d 0h 6m 24s)

